Using pre-set license
Built from '2020.3/china_unity/release' branch; Version is '2020.3.4f1c1 (3d27070cb163) revision 4007687'; Using compiler version '192528614'; Build Type 'Release'
OS: 'Windows 10 Pro; OS build 19043.1348; Version 2009; 64bit' Language: 'zh' Physical Memory: 8078 MB
BatchMode: 1, IsHumanControllingUs: 0, StartBugReporterOnCrash: 0, Is64bit: 1, IsPro: 0

 COMMAND LINE ARGUMENTS:
D:\Installlocation-Unity\Unity20200304\Unity\Editor\Unity.exe
-adb2
-batchMode
-noUpm
-name
AssetImportWorker0
-projectPath
D:/笔记/Notes-图文混排/Unity项目-图文混排
-logFile
Logs/AssetImportWorker0.log
-srvPort
58672
Successfully changed project path to: D:/笔记/Notes-图文混排/Unity项目-图文混排
D:/笔记/Notes-图文混排/Unity项目-图文混排
Using Asset Import Pipeline V2.
Refreshing native plugins compatible for Editor in 35.64 ms, found 0 plugins.
Preloading 0 native plugins for Editor in 0.00 ms.
Initialize engine version: 2020.3.4f1c1 (3d27070cb163)
[Subsystems] Discovering subsystems at path D:/Installlocation-Unity/Unity20200304/Unity/Editor/Data/Resources/UnitySubsystems
[Subsystems] Discovering subsystems at path D:/笔记/Notes-图文混排/Unity项目-图文混排/Assets
GfxDevice: creating device client; threaded=0
Direct3D:
    Version:  Direct3D 11.0 [level 11.1]
    Renderer: NVIDIA GeForce GTX 1050 Ti (ID=0x1c8c)
    Vendor:   
    VRAM:     4019 MB
    Driver:   27.21.14.6280
Initialize mono
Mono path[0] = 'D:/Installlocation-Unity/Unity20200304/Unity/Editor/Data/Managed'
Mono path[1] = 'D:/Installlocation-Unity/Unity20200304/Unity/Editor/Data/MonoBleedingEdge/lib/mono/unityjit'
Mono config path = 'D:/Installlocation-Unity/Unity20200304/Unity/Editor/Data/MonoBleedingEdge/etc'
Using monoOptions --debugger-agent=transport=dt_socket,embedding=1,server=y,suspend=n,address=127.0.0.1:56952
Begin MonoManager ReloadAssembly
Registering precompiled unity dll's ...
Register platform support module: D:/Installlocation-Unity/Unity20200304/Unity/Editor/Data/PlaybackEngines/WindowsStandaloneSupport/UnityEditor.WindowsStandalone.Extensions.dll
Registered in 0.008081 seconds.
Native extension for WindowsStandalone target not found
Refreshing native plugins compatible for Editor in 37.90 ms, found 0 plugins.
Preloading 0 native plugins for Editor in 0.00 ms.
Mono: successfully reloaded assembly
- Completed reload, in  1.832 seconds
Platform modules already initialized, skipping
Registering precompiled user dll's ...
Registered in 0.001736 seconds.
Begin MonoManager ReloadAssembly
Native extension for WindowsStandalone target not found
Refreshing native plugins compatible for Editor in 0.27 ms, found 0 plugins.
Preloading 0 native plugins for Editor in 0.00 ms.
Mono: successfully reloaded assembly
- Completed reload, in  1.433 seconds
Platform modules already initialized, skipping
========================================================================
Worker process is ready to serve import requests
Launched and connected shader compiler UnityShaderCompiler.exe after 0.26 seconds
Refreshing native plugins compatible for Editor in 0.33 ms, found 0 plugins.
Preloading 0 native plugins for Editor in 0.00 ms.
Unloading 1169 Unused Serialized files (Serialized files now loaded: 0)
System memory in use before: 61.2 MB.
System memory in use after: 61.3 MB.

Unloading 9 unused Assets to reduce memory usage. Loaded Objects now: 1612.
Total: 7.173100 ms (FindLiveObjects: 0.717200 ms CreateObjectMapping: 0.692900 ms MarkObjects: 5.593900 ms  DeleteObjects: 0.165500 ms)

========================================================================
Received Import Request.
  path: Assets/Sprites/emoji_lxh.asset
  artifactKey: Guid(448421e4fa7e96a48aad0c3882565341) Importer(815301076,1909f56bfc062723c751e8b465ee728b)
Start importing Assets/Sprites/emoji_lxh.asset using Guid(448421e4fa7e96a48aad0c3882565341) Importer(815301076,1909f56bfc062723c751e8b465ee728b)  -> (artifact id: '37878cad2a69f228a476c3c6ffc9f22a') in 0.161554 seconds
  Import took 0.170792 seconds .

========================================================================
Received Import Request.
  Time since last request: 0.000379 seconds.
  path: Assets/Sprites/global.asset
  artifactKey: Guid(6d70361f462f11e46aa0d6f1b83730cc) Importer(815301076,1909f56bfc062723c751e8b465ee728b)
Start importing Assets/Sprites/global.asset using Guid(6d70361f462f11e46aa0d6f1b83730cc) Importer(815301076,1909f56bfc062723c751e8b465ee728b)  -> (artifact id: 'afb1bf43a10437a19ea4d077d2a3304e') in 0.020840 seconds
  Import took 0.023821 seconds .

========================================================================
Received Import Request.
  Time since last request: 0.002009 seconds.
  path: Assets/Sprites/emoji_lxh.asset
  artifactKey: Guid(448421e4fa7e96a48aad0c3882565341) Importer(815301076,1909f56bfc062723c751e8b465ee728b)
Start importing Assets/Sprites/emoji_lxh.asset using Guid(448421e4fa7e96a48aad0c3882565341) Importer(815301076,1909f56bfc062723c751e8b465ee728b)  -> (artifact id: '37878cad2a69f228a476c3c6ffc9f22a') in 0.022453 seconds
  Import took 0.027060 seconds .

========================================================================
Received Prepare
Refreshing native plugins compatible for Editor in 1.56 ms, found 0 plugins.
Preloading 0 native plugins for Editor in 0.00 ms.
Unloading 2 Unused Serialized files (Serialized files now loaded: 0)
System memory in use before: 37.9 MB.
System memory in use after: 38.0 MB.

Unloading 2 unused Assets to reduce memory usage. Loaded Objects now: 1612.
Total: 2.368700 ms (FindLiveObjects: 0.409900 ms CreateObjectMapping: 0.095200 ms MarkObjects: 1.831600 ms  DeleteObjects: 0.030000 ms)

AssetImportWorkerClient::OnTransportError - code=2 error=End of file
